Using pre-set license
Built from '2021.1/staging' branch; Version is '2021.1.2f1 (e5d502d80fbb) revision 15062274'; Using compiler version '192528614'; Build Type 'Release'
OS: 'Windows 10 Education; OS build 18363.1500; Version 1909; 64bit' Language: 'en' Physical Memory: 8190 MB
BatchMode: 1, IsHumanControllingUs: 0, StartBugReporterOnCrash: 0, Is64bit: 1, IsPro: 0

 COMMAND LINE ARGUMENTS:
C:\Program Files\Unity\Hub\Editor\2021.1.2f1\Editor\Unity.exe
-adb2
-batchMode
-noUpm
-name
AssetImportWorker0
-projectPath
C:/Users/admin/Documents/GitHub/Slots-Naytto/Lottery
-logFile
Logs/AssetImportWorker0.log
-srvPort
50139
Successfully changed project path to: C:/Users/admin/Documents/GitHub/Slots-Naytto/Lottery
C:/Users/admin/Documents/GitHub/Slots-Naytto/Lottery
Using Asset Import Pipeline V2.
Refreshing native plugins compatible for Editor in 114.13 ms, found 2 plugins.
Preloading 0 native plugins for Editor in 0.00 ms.
Initialize engine version: 2021.1.2f1 (e5d502d80fbb)
[Subsystems] Discovering subsystems at path C:/Program Files/Unity/Hub/Editor/2021.1.2f1/Editor/Data/Resources/UnitySubsystems
[Subsystems] Discovering subsystems at path C:/Users/admin/Documents/GitHub/Slots-Naytto/Lottery/Assets
GfxDevice: creating device client; threaded=0; jobified=0
Direct3D:
    Version:  Direct3D 11.0 [level 11.1]
    Renderer: Microsoft Basic Render Driver (ID=0x8c)
    Vendor:   Microsoft
    VRAM:     4095 MB
Initialize mono
Mono path[0] = 'C:/Program Files/Unity/Hub/Editor/2021.1.2f1/Editor/Data/Managed'
Mono path[1] = 'C:/Program Files/Unity/Hub/Editor/2021.1.2f1/Editor/Data/MonoBleedingEdge/lib/mono/unityjit'
Mono config path = 'C:/Program Files/Unity/Hub/Editor/2021.1.2f1/Editor/Data/MonoBleedingEdge/etc'
Using monoOptions --debugger-agent=transport=dt_socket,embedding=1,server=y,suspend=n,address=127.0.0.1:56440
Begin MonoManager ReloadAssembly
Registering precompiled unity dll's ...
Register platform support module: C:/Program Files/Unity/Hub/Editor/2021.1.2f1/Editor/Data/PlaybackEngines/WebGLSupport/UnityEditor.WebGL.Extensions.dll
Register platform support module: C:/Program Files/Unity/Hub/Editor/2021.1.2f1/Editor/Data/PlaybackEngines/WindowsStandaloneSupport/UnityEditor.WindowsStandalone.Extensions.dll
Register platform support module: C:/Program Files/Unity/Hub/Editor/2021.1.2f1/Editor/Data/PlaybackEngines/LinuxStandaloneSupport/UnityEditor.LinuxStandalone.Extensions.dll
Registered in 0.003881 seconds.
Native extension for LinuxStandalone target not found
Native extension for WindowsStandalone target not found
Native extension for WebGL target not found
Refreshing native plugins compatible for Editor in 136.13 ms, found 2 plugins.
Preloading 0 native plugins for Editor in 0.00 ms.
Mono: successfully reloaded assembly
- Completed reload, in  4.147 seconds
Platform modules already initialized, skipping
Registering precompiled user dll's ...
Registered in 0.003871 seconds.
Begin MonoManager ReloadAssembly
Native extension for LinuxStandalone target not found
Native extension for WindowsStandalone target not found
Native extension for WebGL target not found
Refreshing native plugins compatible for Editor in 108.98 ms, found 2 plugins.
Preloading 0 native plugins for Editor in 0.00 ms.
Mono: successfully reloaded assembly
- Completed reload, in  1.529 seconds
Platform modules already initialized, skipping
========================================================================
Worker process is ready to serve import requests
Launched and connected shader compiler UnityShaderCompiler.exe after 0.06 seconds
Refreshing native plugins compatible for Editor in 0.73 ms, found 2 plugins.
Preloading 0 native plugins for Editor in 0.00 ms.
Unloading 3424 Unused Serialized files (Serialized files now loaded: 0)
System memory in use before: 131.1 MB.
System memory in use after: 131.3 MB.

Unloading 24 unused Assets to reduce memory usage. Loaded Objects now: 3881.
Total: 4.807300 ms (FindLiveObjects: 1.118600 ms CreateObjectMapping: 0.315500 ms MarkObjects: 3.265900 ms  DeleteObjects: 0.104500 ms)

========================================================================
Received Prepare
Registering precompiled user dll's ...
Registered in 0.019393 seconds.
Begin MonoManager ReloadAssembly
Native extension for LinuxStandalone target not found
Native extension for WindowsStandalone target not found
Native extension for WebGL target not found
Refreshing native plugins compatible for Editor in 1.75 ms, found 2 plugins.
Preloading 0 native plugins for Editor in 0.00 ms.
Mono: successfully reloaded assembly
- Completed reload, in  2.518 seconds
Platform modules already initialized, skipping
Refreshing native plugins compatible for Editor in 1.18 ms, found 2 plugins.
Preloading 0 native plugins for Editor in 0.00 ms.
Unloading 3401 Unused Serialized files (Serialized files now loaded: 0)
System memory in use before: 129.3 MB.
System memory in use after: 129.5 MB.

Unloading 12 unused Assets to reduce memory usage. Loaded Objects now: 3885.
Total: 3.807700 ms (FindLiveObjects: 0.466500 ms CreateObjectMapping: 0.454600 ms MarkObjects: 2.846700 ms  DeleteObjects: 0.038000 ms)

========================================================================
Received Import Request.
  path: Assets
  artifactKey: Guid(00000000000000001000000000000000) Importer(815301076,1909f56bfc062723c751e8b465ee728b)
Start importing Assets using Guid(00000000000000001000000000000000) Importer(815301076,1909f56bfc062723c751e8b465ee728b)  -> (artifact id: '3a3c96ab4986816b7b77dea28d49d6a8') in 0.071795 seconds 
========================================================================
Received Import Request.
  Time since last request: 11.441892 seconds.
  path: Assets/Images
  artifactKey: Guid(343e2a87d1ea707488cbe76c1490d377) Importer(815301076,1909f56bfc062723c751e8b465ee728b)
Start importing Assets/Images using Guid(343e2a87d1ea707488cbe76c1490d377) Importer(815301076,1909f56bfc062723c751e8b465ee728b)  -> (artifact id: '33aeb548b4093dc1bf2d6dd1a32dc47b') in 0.070078 seconds 
========================================================================
Received Import Request.
  Time since last request: 44.099557 seconds.
  path: Assets/Images/asdd.jpg
  artifactKey: Guid(55bd1e356fa6c0b41a00e8acea52ea7d) Importer(815301076,1909f56bfc062723c751e8b465ee728b)
Start importing Assets/Images/asdd.jpg using Guid(55bd1e356fa6c0b41a00e8acea52ea7d) Importer(815301076,1909f56bfc062723c751e8b465ee728b)  -> (artifact id: '05fd30e1eba8e53c132718c8d9299f07') in 0.171267 seconds 
========================================================================
Received Import Request.
  Time since last request: 8.253269 seconds.
  path: Assets/Images/Holder Berry.jpg
  artifactKey: Guid(55bd1e356fa6c0b41a00e8acea52ea7d) Importer(815301076,1909f56bfc062723c751e8b465ee728b)
Start importing Assets/Images/Holder Berry.jpg using Guid(55bd1e356fa6c0b41a00e8acea52ea7d) Importer(815301076,1909f56bfc062723c751e8b465ee728b)  -> (artifact id: '3fda9477cc0a020b403b30a40905bb78') in 0.096827 seconds 
========================================================================
Received Import Request.
  Time since last request: 2819.997564 seconds.
  path: Assets/Script
  artifactKey: Guid(4a63ebab11bc2844bbba6503889327af) Importer(815301076,1909f56bfc062723c751e8b465ee728b)
Start importing Assets/Script using Guid(4a63ebab11bc2844bbba6503889327af) Importer(815301076,1909f56bfc062723c751e8b465ee728b)  -> (artifact id: '903777333f6e085d79a12a08b73c8157') in 0.059004 seconds 
========================================================================
Received Import Request.
  Time since last request: 1.295071 seconds.
  path: Assets/Script/ChanceTable.cs
  artifactKey: Guid(fea80dd968042004bbed8c99150b052a) Importer(815301076,1909f56bfc062723c751e8b465ee728b)
Start importing Assets/Script/ChanceTable.cs using Guid(fea80dd968042004bbed8c99150b052a) Importer(815301076,1909f56bfc062723c751e8b465ee728b)  -> (artifact id: 'ebf580a0a767d7828b3a4ccce7d4e490') in 0.087055 seconds 
========================================================================
Received Import Request.
  Time since last request: 20.235641 seconds.
  path: Assets/Script/ScoreCount.cs
  artifactKey: Guid(83d569831bc94bf45869fe12bde3285c) Importer(815301076,1909f56bfc062723c751e8b465ee728b)
Start importing Assets/Script/ScoreCount.cs using Guid(83d569831bc94bf45869fe12bde3285c) Importer(815301076,1909f56bfc062723c751e8b465ee728b)  -> (artifact id: 'dbd817feb5d0433478e9ee62b0aadbe2') in 0.195460 seconds 
========================================================================
Received Prepare
Registering precompiled user dll's ...
Registered in 0.003224 seconds.
Begin MonoManager ReloadAssembly
Native extension for LinuxStandalone target not found
Native extension for WindowsStandalone target not found
Native extension for WebGL target not found
Refreshing native plugins compatible for Editor in 0.90 ms, found 2 plugins.
Preloading 0 native plugins for Editor in 0.00 ms.
Mono: successfully reloaded assembly
- Completed reload, in  1.102 seconds
Platform modules already initialized, skipping
Refreshing native plugins compatible for Editor in 0.74 ms, found 2 plugins.
Preloading 0 native plugins for Editor in 0.00 ms.
Unloading 3402 Unused Serialized files (Serialized files now loaded: 0)
System memory in use before: 133.9 MB.
System memory in use after: 134.2 MB.

Unloading 12 unused Assets to reduce memory usage. Loaded Objects now: 3924.
Total: 3.105400 ms (FindLiveObjects: 0.421000 ms CreateObjectMapping: 0.242700 ms MarkObjects: 2.405900 ms  DeleteObjects: 0.034400 ms)

========================================================================
Received Import Request.
  Time since last request: 462.329500 seconds.
  path: Assets/Script/ScoreCount.cs
  artifactKey: Guid(83d569831bc94bf45869fe12bde3285c) Importer(815301076,1909f56bfc062723c751e8b465ee728b)
Start importing Assets/Script/ScoreCount.cs using Guid(83d569831bc94bf45869fe12bde3285c) Importer(815301076,1909f56bfc062723c751e8b465ee728b)  -> (artifact id: '942a5c8fb7867490fa3fba61599fb8c2') in 0.011195 seconds 
========================================================================
Received Prepare
Registering precompiled user dll's ...
Registered in 0.003733 seconds.
Begin MonoManager ReloadAssembly
Native extension for LinuxStandalone target not found
Native extension for WindowsStandalone target not found
Native extension for WebGL target not found
Refreshing native plugins compatible for Editor in 0.77 ms, found 2 plugins.
Preloading 0 native plugins for Editor in 0.00 ms.
Mono: successfully reloaded assembly
- Completed reload, in  1.305 seconds
Platform modules already initialized, skipping
Refreshing native plugins compatible for Editor in 0.74 ms, found 2 plugins.
Preloading 0 native plugins for Editor in 0.00 ms.
Unloading 3401 Unused Serialized files (Serialized files now loaded: 0)
System memory in use before: 133.9 MB.
System memory in use after: 134.2 MB.

Unloading 12 unused Assets to reduce memory usage. Loaded Objects now: 3928.
Total: 3.613400 ms (FindLiveObjects: 0.414200 ms CreateObjectMapping: 0.218200 ms MarkObjects: 2.941500 ms  DeleteObjects: 0.037800 ms)

========================================================================
Received Prepare
Registering precompiled user dll's ...
Registered in 0.004024 seconds.
Begin MonoManager ReloadAssembly
Native extension for LinuxStandalone target not found
Native extension for WindowsStandalone target not found
Native extension for WebGL target not found
Refreshing native plugins compatible for Editor in 0.80 ms, found 2 plugins.
Preloading 0 native plugins for Editor in 0.00 ms.
Mono: successfully reloaded assembly
- Completed reload, in  1.561 seconds
Platform modules already initialized, skipping
Refreshing native plugins compatible for Editor in 0.73 ms, found 2 plugins.
Preloading 0 native plugins for Editor in 0.00 ms.
Unloading 3401 Unused Serialized files (Serialized files now loaded: 0)
System memory in use before: 133.9 MB.
System memory in use after: 134.2 MB.

Unloading 12 unused Assets to reduce memory usage. Loaded Objects now: 3932.
Total: 3.002700 ms (FindLiveObjects: 0.393100 ms CreateObjectMapping: 0.199900 ms MarkObjects: 2.348000 ms  DeleteObjects: 0.060000 ms)

========================================================================
Received Prepare
Registering precompiled user dll's ...
Registered in 0.004273 seconds.
Begin MonoManager ReloadAssembly
Native extension for LinuxStandalone target not found
Native extension for WindowsStandalone target not found
Native extension for WebGL target not found
Refreshing native plugins compatible for Editor in 0.74 ms, found 2 plugins.
Preloading 0 native plugins for Editor in 0.00 ms.
Mono: successfully reloaded assembly
- Completed reload, in  1.204 seconds
Platform modules already initialized, skipping
Refreshing native plugins compatible for Editor in 0.67 ms, found 2 plugins.
Preloading 0 native plugins for Editor in 0.00 ms.
Unloading 3401 Unused Serialized files (Serialized files now loaded: 0)
System memory in use before: 134.0 MB.
System memory in use after: 134.2 MB.

Unloading 12 unused Assets to reduce memory usage. Loaded Objects now: 3936.
Total: 2.943000 ms (FindLiveObjects: 0.354000 ms CreateObjectMapping: 0.197600 ms MarkObjects: 2.356800 ms  DeleteObjects: 0.032700 ms)

========================================================================
Received Prepare
Registering precompiled user dll's ...
Registered in 0.003878 seconds.
Begin MonoManager ReloadAssembly
Native extension for LinuxStandalone target not found
Native extension for WindowsStandalone target not found
Native extension for WebGL target not found
Refreshing native plugins compatible for Editor in 0.89 ms, found 2 plugins.
Preloading 0 native plugins for Editor in 0.00 ms.
Mono: successfully reloaded assembly
- Completed reload, in  1.528 seconds
Platform modules already initialized, skipping
Refreshing native plugins compatible for Editor in 0.69 ms, found 2 plugins.
Preloading 0 native plugins for Editor in 0.00 ms.
Unloading 3401 Unused Serialized files (Serialized files now loaded: 0)
System memory in use before: 134.0 MB.
System memory in use after: 134.2 MB.

Unloading 12 unused Assets to reduce memory usage. Loaded Objects now: 3940.
Total: 3.067600 ms (FindLiveObjects: 0.337600 ms CreateObjectMapping: 0.194400 ms MarkObjects: 2.514200 ms  DeleteObjects: 0.020300 ms)

========================================================================
Received Prepare
Registering precompiled user dll's ...
Registered in 0.003257 seconds.
Begin MonoManager ReloadAssembly
Native extension for LinuxStandalone target not found
Native extension for WindowsStandalone target not found
Native extension for WebGL target not found
Refreshing native plugins compatible for Editor in 0.75 ms, found 2 plugins.
Preloading 0 native plugins for Editor in 0.00 ms.
Mono: successfully reloaded assembly
- Completed reload, in  1.178 seconds
Platform modules already initialized, skipping
Refreshing native plugins compatible for Editor in 0.72 ms, found 2 plugins.
Preloading 0 native plugins for Editor in 0.00 ms.
Unloading 3401 Unused Serialized files (Serialized files now loaded: 0)
System memory in use before: 134.0 MB.
System memory in use after: 134.2 MB.

Unloading 12 unused Assets to reduce memory usage. Loaded Objects now: 3944.
Total: 3.084600 ms (FindLiveObjects: 0.357700 ms CreateObjectMapping: 0.266300 ms MarkObjects: 2.427000 ms  DeleteObjects: 0.032100 ms)

========================================================================
Received Prepare
Registering precompiled user dll's ...
Registered in 0.003861 seconds.
Begin MonoManager ReloadAssembly
Native extension for LinuxStandalone target not found
Native extension for WindowsStandalone target not found
Native extension for WebGL target not found
Refreshing native plugins compatible for Editor in 0.76 ms, found 2 plugins.
Preloading 0 native plugins for Editor in 0.00 ms.
Mono: successfully reloaded assembly
- Completed reload, in  0.979 seconds
Platform modules already initialized, skipping
Refreshing native plugins compatible for Editor in 0.67 ms, found 2 plugins.
Preloading 0 native plugins for Editor in 0.00 ms.
Unloading 3401 Unused Serialized files (Serialized files now loaded: 0)
System memory in use before: 134.0 MB.
System memory in use after: 134.3 MB.

Unloading 12 unused Assets to reduce memory usage. Loaded Objects now: 3948.
Total: 3.013400 ms (FindLiveObjects: 0.345300 ms CreateObjectMapping: 0.196700 ms MarkObjects: 2.440600 ms  DeleteObjects: 0.029900 ms)

========================================================================
Received Prepare
Registering precompiled user dll's ...
Registered in 0.003691 seconds.
Begin MonoManager ReloadAssembly
Native extension for LinuxStandalone target not found
Native extension for WindowsStandalone target not found
Native extension for WebGL target not found
Refreshing native plugins compatible for Editor in 0.79 ms, found 2 plugins.
Preloading 0 native plugins for Editor in 0.00 ms.
Mono: successfully reloaded assembly
- Completed reload, in  1.209 seconds
Platform modules already initialized, skipping
Refreshing native plugins compatible for Editor in 0.75 ms, found 2 plugins.
Preloading 0 native plugins for Editor in 0.00 ms.
Unloading 3401 Unused Serialized files (Serialized files now loaded: 0)
System memory in use before: 134.0 MB.
System memory in use after: 134.3 MB.

Unloading 12 unused Assets to reduce memory usage. Loaded Objects now: 3952.
Total: 3.088000 ms (FindLiveObjects: 0.369100 ms CreateObjectMapping: 0.207200 ms MarkObjects: 2.485900 ms  DeleteObjects: 0.024500 ms)

========================================================================
Received Prepare
Registering precompiled user dll's ...
Registered in 0.003283 seconds.
Begin MonoManager ReloadAssembly
Native extension for LinuxStandalone target not found
Native extension for WindowsStandalone target not found
Native extension for WebGL target not found
Refreshing native plugins compatible for Editor in 0.75 ms, found 2 plugins.
Preloading 0 native plugins for Editor in 0.00 ms.
Mono: successfully reloaded assembly
- Completed reload, in  1.253 seconds
Platform modules already initialized, skipping
Refreshing native plugins compatible for Editor in 0.75 ms, found 2 plugins.
Preloading 0 native plugins for Editor in 0.00 ms.
Unloading 3401 Unused Serialized files (Serialized files now loaded: 0)
System memory in use before: 134.0 MB.
System memory in use after: 134.3 MB.

Unloading 12 unused Assets to reduce memory usage. Loaded Objects now: 3956.
Total: 3.268800 ms (FindLiveObjects: 0.398200 ms CreateObjectMapping: 0.252200 ms MarkObjects: 2.583500 ms  DeleteObjects: 0.033300 ms)

========================================================================
Received Prepare
Registering precompiled user dll's ...
Registered in 0.003383 seconds.
Begin MonoManager ReloadAssembly
Native extension for LinuxStandalone target not found
Native extension for WindowsStandalone target not found
Native extension for WebGL target not found
Refreshing native plugins compatible for Editor in 0.73 ms, found 2 plugins.
Preloading 0 native plugins for Editor in 0.00 ms.
Mono: successfully reloaded assembly
- Completed reload, in  1.219 seconds
Platform modules already initialized, skipping
Refreshing native plugins compatible for Editor in 0.74 ms, found 2 plugins.
Preloading 0 native plugins for Editor in 0.00 ms.
Unloading 3401 Unused Serialized files (Serialized files now loaded: 0)
System memory in use before: 134.0 MB.
System memory in use after: 134.3 MB.

Unloading 12 unused Assets to reduce memory usage. Loaded Objects now: 3960.
Total: 3.059600 ms (FindLiveObjects: 0.365400 ms CreateObjectMapping: 0.225100 ms MarkObjects: 2.432400 ms  DeleteObjects: 0.035300 ms)

========================================================================
Received Prepare
Registering precompiled user dll's ...
Registered in 0.004143 seconds.
Begin MonoManager ReloadAssembly
Native extension for LinuxStandalone target not found
Native extension for WindowsStandalone target not found
Native extension for WebGL target not found
Refreshing native plugins compatible for Editor in 0.82 ms, found 2 plugins.
Preloading 0 native plugins for Editor in 0.00 ms.
Mono: successfully reloaded assembly
- Completed reload, in  1.220 seconds
Platform modules already initialized, skipping
Refreshing native plugins compatible for Editor in 0.69 ms, found 2 plugins.
Preloading 0 native plugins for Editor in 0.00 ms.
Unloading 3401 Unused Serialized files (Serialized files now loaded: 0)
System memory in use before: 134.0 MB.
System memory in use after: 134.3 MB.

Unloading 12 unused Assets to reduce memory usage. Loaded Objects now: 3964.
Total: 3.096600 ms (FindLiveObjects: 0.352900 ms CreateObjectMapping: 0.215800 ms MarkObjects: 2.468400 ms  DeleteObjects: 0.057800 ms)

========================================================================
Received Prepare
Registering precompiled user dll's ...
Registered in 0.003681 seconds.
Begin MonoManager ReloadAssembly
Native extension for LinuxStandalone target not found
Native extension for WindowsStandalone target not found
Native extension for WebGL target not found
Refreshing native plugins compatible for Editor in 0.90 ms, found 2 plugins.
Preloading 0 native plugins for Editor in 0.00 ms.
Mono: successfully reloaded assembly
- Completed reload, in  0.964 seconds
Platform modules already initialized, skipping
Refreshing native plugins compatible for Editor in 0.71 ms, found 2 plugins.
Preloading 0 native plugins for Editor in 0.00 ms.
Unloading 3401 Unused Serialized files (Serialized files now loaded: 0)
System memory in use before: 134.1 MB.
System memory in use after: 134.3 MB.

Unloading 12 unused Assets to reduce memory usage. Loaded Objects now: 3968.
Total: 2.978100 ms (FindLiveObjects: 0.348100 ms CreateObjectMapping: 0.211700 ms MarkObjects: 2.386800 ms  DeleteObjects: 0.030100 ms)

========================================================================
Received Prepare
Registering precompiled user dll's ...
Registered in 0.003420 seconds.
Begin MonoManager ReloadAssembly
Native extension for LinuxStandalone target not found
Native extension for WindowsStandalone target not found
Native extension for WebGL target not found
Refreshing native plugins compatible for Editor in 0.78 ms, found 2 plugins.
Preloading 0 native plugins for Editor in 0.00 ms.
Mono: successfully reloaded assembly
- Completed reload, in  1.034 seconds
Platform modules already initialized, skipping
Refreshing native plugins compatible for Editor in 0.71 ms, found 2 plugins.
Preloading 0 native plugins for Editor in 0.00 ms.
Unloading 3401 Unused Serialized files (Serialized files now loaded: 0)
System memory in use before: 134.1 MB.
System memory in use after: 134.3 MB.

Unloading 12 unused Assets to reduce memory usage. Loaded Objects now: 3972.
Total: 3.139500 ms (FindLiveObjects: 0.378700 ms CreateObjectMapping: 0.219200 ms MarkObjects: 2.516300 ms  DeleteObjects: 0.023800 ms)

========================================================================
Received Prepare
Registering precompiled user dll's ...
Registered in 0.003318 seconds.
Begin MonoManager ReloadAssembly
Native extension for LinuxStandalone target not found
Native extension for WindowsStandalone target not found
Native extension for WebGL target not found
Refreshing native plugins compatible for Editor in 0.86 ms, found 2 plugins.
Preloading 0 native plugins for Editor in 0.00 ms.
Mono: successfully reloaded assembly
- Completed reload, in  1.013 seconds
Platform modules already initialized, skipping
Refreshing native plugins compatible for Editor in 0.85 ms, found 2 plugins.
Preloading 0 native plugins for Editor in 0.00 ms.
Unloading 3401 Unused Serialized files (Serialized files now loaded: 0)
System memory in use before: 134.1 MB.
System memory in use after: 134.3 MB.

Unloading 12 unused Assets to reduce memory usage. Loaded Objects now: 3976.
Total: 3.218300 ms (FindLiveObjects: 0.431800 ms CreateObjectMapping: 0.273000 ms MarkObjects: 2.472000 ms  DeleteObjects: 0.040100 ms)

========================================================================
Received Prepare
Registering precompiled user dll's ...
Registered in 0.003454 seconds.
Begin MonoManager ReloadAssembly
Native extension for LinuxStandalone target not found
Native extension for WindowsStandalone target not found
Native extension for WebGL target not found
Refreshing native plugins compatible for Editor in 0.72 ms, found 2 plugins.
Preloading 0 native plugins for Editor in 0.00 ms.
Mono: successfully reloaded assembly
- Completed reload, in  1.268 seconds
Platform modules already initialized, skipping
Refreshing native plugins compatible for Editor in 0.76 ms, found 2 plugins.
Preloading 0 native plugins for Editor in 0.00 ms.
Unloading 3401 Unused Serialized files (Serialized files now loaded: 0)
System memory in use before: 134.1 MB.
System memory in use after: 134.3 MB.

Unloading 12 unused Assets to reduce memory usage. Loaded Objects now: 3980.
Total: 3.119200 ms (FindLiveObjects: 0.362600 ms CreateObjectMapping: 0.234300 ms MarkObjects: 2.490000 ms  DeleteObjects: 0.031200 ms)

