Using pre-set license
Built from '2021.1/staging' branch; Version is '2021.1.2f1 (e5d502d80fbb) revision 15062274'; Using compiler version '192528614'; Build Type 'Release'
OS: 'Windows 10 Pro; OS build 19041.630; Version 2004; 64bit' Language: 'fi' Physical Memory: 32707 MB
BatchMode: 1, IsHumanControllingUs: 0, StartBugReporterOnCrash: 0, Is64bit: 1, IsPro: 0

 COMMAND LINE ARGUMENTS:
E:\Unity\2021.1.2f1\Editor\Unity.exe
-adb2
-batchMode
-noUpm
-name
AssetImportWorker0
-projectPath
E:/GIT/Slots-Naytto/Lottery
-logFile
Logs/AssetImportWorker0.log
-srvPort
50636
Successfully changed project path to: E:/GIT/Slots-Naytto/Lottery
E:/GIT/Slots-Naytto/Lottery
Using Asset Import Pipeline V2.
Refreshing native plugins compatible for Editor in 78.67 ms, found 2 plugins.
Preloading 0 native plugins for Editor in 0.00 ms.
Initialize engine version: 2021.1.2f1 (e5d502d80fbb)
[Subsystems] Discovering subsystems at path E:/Unity/2021.1.2f1/Editor/Data/Resources/UnitySubsystems
[Subsystems] Discovering subsystems at path E:/GIT/Slots-Naytto/Lottery/Assets
GfxDevice: creating device client; threaded=0; jobified=0
Direct3D:
    Version:  Direct3D 11.0 [level 11.1]
    Renderer: NVIDIA GeForce GTX 970 (ID=0x13c2)
    Vendor:   NVIDIA
    VRAM:     4043 MB
    Driver:   27.21.14.5671
Initialize mono
Mono path[0] = 'E:/Unity/2021.1.2f1/Editor/Data/Managed'
Mono path[1] = 'E:/Unity/2021.1.2f1/Editor/Data/MonoBleedingEdge/lib/mono/unityjit'
Mono config path = 'E:/Unity/2021.1.2f1/Editor/Data/MonoBleedingEdge/etc'
Using monoOptions --debugger-agent=transport=dt_socket,embedding=1,server=y,suspend=n,address=127.0.0.1:56784
Begin MonoManager ReloadAssembly
Registering precompiled unity dll's ...
Register platform support module: E:/Unity/2021.1.2f1/Editor/Data/PlaybackEngines/WebGLSupport/UnityEditor.WebGL.Extensions.dll
Register platform support module: E:/Unity/2021.1.2f1/Editor/Data/PlaybackEngines/MacStandaloneSupport/UnityEditor.OSXStandalone.Extensions.dll
Register platform support module: E:/Unity/2021.1.2f1/Editor/Data/PlaybackEngines/WindowsStandaloneSupport/UnityEditor.WindowsStandalone.Extensions.dll
Register platform support module: E:/Unity/2021.1.2f1/Editor/Data/PlaybackEngines/LinuxStandaloneSupport/UnityEditor.LinuxStandalone.Extensions.dll
Registered in 0.001555 seconds.
Native extension for LinuxStandalone target not found
Native extension for WindowsStandalone target not found
Native extension for OSXStandalone target not found
Native extension for WebGL target not found
Refreshing native plugins compatible for Editor in 76.96 ms, found 2 plugins.
Preloading 0 native plugins for Editor in 0.00 ms.
Mono: successfully reloaded assembly
- Completed reload, in  1.760 seconds
Platform modules already initialized, skipping
Registering precompiled user dll's ...
Registered in 0.002282 seconds.
Begin MonoManager ReloadAssembly
Native extension for LinuxStandalone target not found
Native extension for WindowsStandalone target not found
Native extension for OSXStandalone target not found
Native extension for WebGL target not found
Refreshing native plugins compatible for Editor in 75.87 ms, found 2 plugins.
Preloading 0 native plugins for Editor in 0.00 ms.
Mono: successfully reloaded assembly
- Completed reload, in  1.004 seconds
Platform modules already initialized, skipping
========================================================================
Worker process is ready to serve import requests
Launched and connected shader compiler UnityShaderCompiler.exe after 0.05 seconds
Refreshing native plugins compatible for Editor in 0.58 ms, found 2 plugins.
Preloading 0 native plugins for Editor in 0.00 ms.
Unloading 3366 Unused Serialized files (Serialized files now loaded: 0)
System memory in use before: 127.7 MB.
System memory in use after: 127.8 MB.

Unloading 29 unused Assets to reduce memory usage. Loaded Objects now: 3818.
Total: 2.259100 ms (FindLiveObjects: 0.298700 ms CreateObjectMapping: 0.239900 ms MarkObjects: 1.619500 ms  DeleteObjects: 0.100000 ms)

========================================================================
Received Import Request.
  path: Assets
  artifactKey: Guid(00000000000000001000000000000000) Importer(815301076,1909f56bfc062723c751e8b465ee728b)
Start importing Assets using Guid(00000000000000001000000000000000) Importer(815301076,1909f56bfc062723c751e8b465ee728b)  -> (artifact id: '3a3c96ab4986816b7b77dea28d49d6a8') in 0.009032 seconds 
========================================================================
Received Import Request.
  Time since last request: 17.442010 seconds.
  path: Assets/Scenes
  artifactKey: Guid(60d4e2baa88ff114f939228364638bd2) Importer(815301076,1909f56bfc062723c751e8b465ee728b)
Start importing Assets/Scenes using Guid(60d4e2baa88ff114f939228364638bd2) Importer(815301076,1909f56bfc062723c751e8b465ee728b)  -> (artifact id: '7697f7713636288642218479f624f75b') in 0.134634 seconds 
========================================================================
Received Import Request.
  Time since last request: 13.614202 seconds.
  path: Assets/Colors
  artifactKey: Guid(5e723491cadf706448a53e103289644e) Importer(815301076,1909f56bfc062723c751e8b465ee728b)
Start importing Assets/Colors using Guid(5e723491cadf706448a53e103289644e) Importer(815301076,1909f56bfc062723c751e8b465ee728b)  -> (artifact id: '5f4c6f0c9833598ee4af0f27c4cfda29') in 0.007210 seconds 
========================================================================
Received Import Request.
  Time since last request: 26.690681 seconds.
  path: Assets/Colors/Spin Color.mat
  artifactKey: Guid(874e89a73e9cd8447be9b4bff85e25c7) Importer(815301076,1909f56bfc062723c751e8b465ee728b)
Start importing Assets/Colors/Spin Color.mat using Guid(874e89a73e9cd8447be9b4bff85e25c7) Importer(815301076,1909f56bfc062723c751e8b465ee728b)  -> (artifact id: '47111084fc3be103d9514ea13d0656f3') in 0.113936 seconds 
========================================================================
Received Import Request.
  Time since last request: 28.425514 seconds.
  path: Assets/Colors/Spin Color.mat
  artifactKey: Guid(874e89a73e9cd8447be9b4bff85e25c7) Importer(815301076,1909f56bfc062723c751e8b465ee728b)
Start importing Assets/Colors/Spin Color.mat using Guid(874e89a73e9cd8447be9b4bff85e25c7) Importer(815301076,1909f56bfc062723c751e8b465ee728b)  -> (artifact id: '5ce5d4b806cfa45c735c08656613e53b') in 0.017269 seconds 
========================================================================
Received Prepare
Registering precompiled user dll's ...
Registered in 0.002346 seconds.
Begin MonoManager ReloadAssembly
Native extension for LinuxStandalone target not found
Native extension for WindowsStandalone target not found
Native extension for OSXStandalone target not found
Native extension for WebGL target not found
Refreshing native plugins compatible for Editor in 0.62 ms, found 2 plugins.
Preloading 0 native plugins for Editor in 0.00 ms.
Mono: successfully reloaded assembly
- Completed reload, in  0.879 seconds
Platform modules already initialized, skipping
Refreshing native plugins compatible for Editor in 0.70 ms, found 2 plugins.
Preloading 0 native plugins for Editor in 0.00 ms.
Unloading 3408 Unused Serialized files (Serialized files now loaded: 0)
System memory in use before: 134.5 MB.
System memory in use after: 133.9 MB.

Unloading 30 unused Assets to reduce memory usage. Loaded Objects now: 3896.
Total: 2.538600 ms (FindLiveObjects: 0.272000 ms CreateObjectMapping: 0.163000 ms MarkObjects: 1.835100 ms  DeleteObjects: 0.267200 ms)

========================================================================
Received Import Request.
  Time since last request: 205.623053 seconds.
  path: ProjectSettings/TagManager.asset
  artifactKey: Guid(00000000000000003000000000000000) Importer(815301076,1909f56bfc062723c751e8b465ee728b)
Start importing ProjectSettings/TagManager.asset using Guid(00000000000000003000000000000000) Importer(815301076,1909f56bfc062723c751e8b465ee728b)  -> (artifact id: '893097efcb2fa9fafd17412b60c7bc0a') in 0.018632 seconds 
========================================================================
Received Import Request.
  Time since last request: 220.453396 seconds.
  path: Assets/Script
  artifactKey: Guid(4a63ebab11bc2844bbba6503889327af) Importer(815301076,1909f56bfc062723c751e8b465ee728b)
Start importing Assets/Script using Guid(4a63ebab11bc2844bbba6503889327af) Importer(815301076,1909f56bfc062723c751e8b465ee728b)  -> (artifact id: 'f2f09b5c7c3037f25c7c8b065b29169a') in 0.008352 seconds 
========================================================================
Received Prepare
Registering precompiled user dll's ...
Registered in 0.002316 seconds.
Begin MonoManager ReloadAssembly
Native extension for LinuxStandalone target not found
Native extension for WindowsStandalone target not found
Native extension for OSXStandalone target not found
Native extension for WebGL target not found
Refreshing native plugins compatible for Editor in 0.66 ms, found 2 plugins.
Preloading 0 native plugins for Editor in 0.00 ms.
Mono: successfully reloaded assembly
- Completed reload, in  0.863 seconds
Platform modules already initialized, skipping
Refreshing native plugins compatible for Editor in 0.60 ms, found 2 plugins.
Preloading 0 native plugins for Editor in 0.00 ms.
Unloading 3409 Unused Serialized files (Serialized files now loaded: 0)
System memory in use before: 134.6 MB.
System memory in use after: 134.0 MB.

Unloading 31 unused Assets to reduce memory usage. Loaded Objects now: 3901.
Total: 2.431600 ms (FindLiveObjects: 0.335100 ms CreateObjectMapping: 0.202100 ms MarkObjects: 1.630400 ms  DeleteObjects: 0.263000 ms)

========================================================================
Received Import Request.
  Time since last request: 40.484208 seconds.
  path: Assets/ChanceTable.cs
  artifactKey: Guid(fea80dd968042004bbed8c99150b052a) Importer(815301076,1909f56bfc062723c751e8b465ee728b)
Start importing Assets/ChanceTable.cs using Guid(fea80dd968042004bbed8c99150b052a) Importer(815301076,1909f56bfc062723c751e8b465ee728b)  -> (artifact id: '8e8c8bb1cb10d5ac8b7de2f50c48e85a') in 0.023681 seconds 
========================================================================
Received Prepare
Registering precompiled user dll's ...
Registered in 0.002191 seconds.
Begin MonoManager ReloadAssembly
Native extension for LinuxStandalone target not found
Native extension for WindowsStandalone target not found
Native extension for OSXStandalone target not found
Native extension for WebGL target not found
Refreshing native plugins compatible for Editor in 0.70 ms, found 2 plugins.
Preloading 0 native plugins for Editor in 0.00 ms.
Mono: successfully reloaded assembly
- Completed reload, in  0.912 seconds
Platform modules already initialized, skipping
Refreshing native plugins compatible for Editor in 0.58 ms, found 2 plugins.
Preloading 0 native plugins for Editor in 0.00 ms.
Unloading 3409 Unused Serialized files (Serialized files now loaded: 0)
System memory in use before: 134.6 MB.
System memory in use after: 134.1 MB.

Unloading 30 unused Assets to reduce memory usage. Loaded Objects now: 3905.
Total: 2.460900 ms (FindLiveObjects: 0.309200 ms CreateObjectMapping: 0.213200 ms MarkObjects: 1.667400 ms  DeleteObjects: 0.270200 ms)

========================================================================
Received Import Request.
  Time since last request: 7.165006 seconds.
  path: Assets/Roll_1.cs
  artifactKey: Guid(7c143a4a08ef9f6429361bcc860a5027) Importer(815301076,1909f56bfc062723c751e8b465ee728b)
Start importing Assets/Roll_1.cs using Guid(7c143a4a08ef9f6429361bcc860a5027) Importer(815301076,1909f56bfc062723c751e8b465ee728b)  -> (artifact id: '0676283b812a1d5e15a1df6d997d58a8') in 0.011251 seconds 
========================================================================
Received Import Request.
  Time since last request: 6.175839 seconds.
  path: Assets/TextMesh Pro
  artifactKey: Guid(f54d1bd14bd3ca042bd867b519fee8cc) Importer(815301076,1909f56bfc062723c751e8b465ee728b)
Start importing Assets/TextMesh Pro using Guid(f54d1bd14bd3ca042bd867b519fee8cc) Importer(815301076,1909f56bfc062723c751e8b465ee728b)  -> (artifact id: '55b1f18a7e1840f163bb4dd30c000cb0') in 0.007091 seconds 
========================================================================
Received Prepare
Registering precompiled user dll's ...
Registered in 0.002328 seconds.
Begin MonoManager ReloadAssembly
Native extension for LinuxStandalone target not found
Native extension for WindowsStandalone target not found
Native extension for OSXStandalone target not found
Native extension for WebGL target not found
Refreshing native plugins compatible for Editor in 0.61 ms, found 2 plugins.
Preloading 0 native plugins for Editor in 0.00 ms.
Mono: successfully reloaded assembly
- Completed reload, in  0.885 seconds
Platform modules already initialized, skipping
Refreshing native plugins compatible for Editor in 0.58 ms, found 2 plugins.
Preloading 0 native plugins for Editor in 0.00 ms.
Unloading 3410 Unused Serialized files (Serialized files now loaded: 0)
System memory in use before: 134.7 MB.
System memory in use after: 134.1 MB.

Unloading 30 unused Assets to reduce memory usage. Loaded Objects now: 3910.
Total: 2.415200 ms (FindLiveObjects: 0.272200 ms CreateObjectMapping: 0.161200 ms MarkObjects: 1.699700 ms  DeleteObjects: 0.281200 ms)

========================================================================
Received Prepare
Registering precompiled user dll's ...
Registered in 0.002143 seconds.
Begin MonoManager ReloadAssembly
Native extension for LinuxStandalone target not found
Native extension for WindowsStandalone target not found
Native extension for OSXStandalone target not found
Native extension for WebGL target not found
Refreshing native plugins compatible for Editor in 0.61 ms, found 2 plugins.
Preloading 0 native plugins for Editor in 0.00 ms.
Mono: successfully reloaded assembly
- Completed reload, in  0.879 seconds
Platform modules already initialized, skipping
Refreshing native plugins compatible for Editor in 0.60 ms, found 2 plugins.
Preloading 0 native plugins for Editor in 0.00 ms.
Unloading 3410 Unused Serialized files (Serialized files now loaded: 0)
System memory in use before: 134.7 MB.
System memory in use after: 134.1 MB.

Unloading 30 unused Assets to reduce memory usage. Loaded Objects now: 3914.
Total: 2.846500 ms (FindLiveObjects: 0.279000 ms CreateObjectMapping: 0.193300 ms MarkObjects: 2.073600 ms  DeleteObjects: 0.299200 ms)

========================================================================
Received Prepare
Registering precompiled user dll's ...
Registered in 0.002416 seconds.
Begin MonoManager ReloadAssembly
Native extension for LinuxStandalone target not found
Native extension for WindowsStandalone target not found
Native extension for OSXStandalone target not found
Native extension for WebGL target not found
Refreshing native plugins compatible for Editor in 0.58 ms, found 2 plugins.
Preloading 0 native plugins for Editor in 0.00 ms.
Mono: successfully reloaded assembly
- Completed reload, in  0.868 seconds
Platform modules already initialized, skipping
Refreshing native plugins compatible for Editor in 0.62 ms, found 2 plugins.
Preloading 0 native plugins for Editor in 0.00 ms.
Unloading 3410 Unused Serialized files (Serialized files now loaded: 0)
System memory in use before: 134.7 MB.
System memory in use after: 134.1 MB.

Unloading 30 unused Assets to reduce memory usage. Loaded Objects now: 3918.
Total: 4.350000 ms (FindLiveObjects: 0.366100 ms CreateObjectMapping: 0.882100 ms MarkObjects: 2.808600 ms  DeleteObjects: 0.292100 ms)

========================================================================
Received Import Request.
  Time since last request: 1678.960611 seconds.
  path: Assets/Script/Roll_1.cs
  artifactKey: Guid(7c143a4a08ef9f6429361bcc860a5027) Importer(815301076,1909f56bfc062723c751e8b465ee728b)
Start importing Assets/Script/Roll_1.cs using Guid(7c143a4a08ef9f6429361bcc860a5027) Importer(815301076,1909f56bfc062723c751e8b465ee728b)  -> (artifact id: 'd14184834d659e22749456032f366f5a') in 0.008635 seconds 
========================================================================
Received Prepare
Registering precompiled user dll's ...
Registered in 0.002302 seconds.
Begin MonoManager ReloadAssembly
Native extension for LinuxStandalone target not found
Native extension for WindowsStandalone target not found
Native extension for OSXStandalone target not found
Native extension for WebGL target not found
Refreshing native plugins compatible for Editor in 0.58 ms, found 2 plugins.
Preloading 0 native plugins for Editor in 0.00 ms.
Mono: successfully reloaded assembly
- Completed reload, in  0.838 seconds
Platform modules already initialized, skipping
Refreshing native plugins compatible for Editor in 0.58 ms, found 2 plugins.
Preloading 0 native plugins for Editor in 0.00 ms.
Unloading 3410 Unused Serialized files (Serialized files now loaded: 0)
System memory in use before: 134.7 MB.
System memory in use after: 134.1 MB.

Unloading 30 unused Assets to reduce memory usage. Loaded Objects now: 3922.
Total: 2.582000 ms (FindLiveObjects: 0.274300 ms CreateObjectMapping: 0.168500 ms MarkObjects: 1.847600 ms  DeleteObjects: 0.290900 ms)

========================================================================
Received Import Request.
  Time since last request: 4999.158846 seconds.
  path: Assets/Script/Roll_1.cs
  artifactKey: Guid(7c143a4a08ef9f6429361bcc860a5027) Importer(815301076,1909f56bfc062723c751e8b465ee728b)
Start importing Assets/Script/Roll_1.cs using Guid(7c143a4a08ef9f6429361bcc860a5027) Importer(815301076,1909f56bfc062723c751e8b465ee728b)  -> (artifact id: '34b2b87c6885b93839f6aae867d6ed7e') in 0.794565 seconds 
========================================================================
Received Prepare
Registering precompiled user dll's ...
Registered in 0.002246 seconds.
Begin MonoManager ReloadAssembly
Native extension for LinuxStandalone target not found
Native extension for WindowsStandalone target not found
Native extension for OSXStandalone target not found
Native extension for WebGL target not found
Refreshing native plugins compatible for Editor in 0.59 ms, found 2 plugins.
Preloading 0 native plugins for Editor in 0.00 ms.
Mono: successfully reloaded assembly
- Completed reload, in  0.895 seconds
Platform modules already initialized, skipping
Refreshing native plugins compatible for Editor in 0.58 ms, found 2 plugins.
Preloading 0 native plugins for Editor in 0.00 ms.
Unloading 3410 Unused Serialized files (Serialized files now loaded: 0)
System memory in use before: 134.7 MB.
System memory in use after: 134.1 MB.

Unloading 30 unused Assets to reduce memory usage. Loaded Objects now: 3926.
Total: 3.162300 ms (FindLiveObjects: 0.325800 ms CreateObjectMapping: 0.188100 ms MarkObjects: 2.360500 ms  DeleteObjects: 0.286900 ms)

========================================================================
Received Import Request.
  Time since last request: 48.653095 seconds.
  path: Assets/Script/Roll_1.cs
  artifactKey: Guid(7c143a4a08ef9f6429361bcc860a5027) Importer(815301076,1909f56bfc062723c751e8b465ee728b)
Start importing Assets/Script/Roll_1.cs using Guid(7c143a4a08ef9f6429361bcc860a5027) Importer(815301076,1909f56bfc062723c751e8b465ee728b)  -> (artifact id: '5605d648b25c760d41dddda1c47ed3d6') in 0.005170 seconds 
========================================================================
Received Prepare
Registering precompiled user dll's ...
Registered in 0.002487 seconds.
Begin MonoManager ReloadAssembly
Native extension for LinuxStandalone target not found
Native extension for WindowsStandalone target not found
Native extension for OSXStandalone target not found
Native extension for WebGL target not found
Refreshing native plugins compatible for Editor in 0.59 ms, found 2 plugins.
Preloading 0 native plugins for Editor in 0.00 ms.
Mono: successfully reloaded assembly
- Completed reload, in  0.869 seconds
Platform modules already initialized, skipping
Refreshing native plugins compatible for Editor in 0.58 ms, found 2 plugins.
Preloading 0 native plugins for Editor in 0.00 ms.
Unloading 3410 Unused Serialized files (Serialized files now loaded: 0)
System memory in use before: 134.7 MB.
System memory in use after: 134.2 MB.

Unloading 30 unused Assets to reduce memory usage. Loaded Objects now: 3930.
Total: 3.647700 ms (FindLiveObjects: 0.326200 ms CreateObjectMapping: 0.952300 ms MarkObjects: 2.067800 ms  DeleteObjects: 0.299500 ms)

========================================================================
Received Import Request.
  Time since last request: 152.665528 seconds.
  path: Assets/Script/Roll_1.cs
  artifactKey: Guid(7c143a4a08ef9f6429361bcc860a5027) Importer(815301076,1909f56bfc062723c751e8b465ee728b)
Start importing Assets/Script/Roll_1.cs using Guid(7c143a4a08ef9f6429361bcc860a5027) Importer(815301076,1909f56bfc062723c751e8b465ee728b)  -> (artifact id: 'baeafbf5ad4a6bd5335142c620260a03') in 0.004823 seconds 
========================================================================
Received Prepare
Registering precompiled user dll's ...
Registered in 0.002246 seconds.
Begin MonoManager ReloadAssembly
Native extension for LinuxStandalone target not found
Native extension for WindowsStandalone target not found
Native extension for OSXStandalone target not found
Native extension for WebGL target not found
Refreshing native plugins compatible for Editor in 0.57 ms, found 2 plugins.
Preloading 0 native plugins for Editor in 0.00 ms.
Mono: successfully reloaded assembly
- Completed reload, in  0.846 seconds
Platform modules already initialized, skipping
Refreshing native plugins compatible for Editor in 0.58 ms, found 2 plugins.
Preloading 0 native plugins for Editor in 0.00 ms.
Unloading 3410 Unused Serialized files (Serialized files now loaded: 0)
System memory in use before: 134.7 MB.
System memory in use after: 134.2 MB.

Unloading 30 unused Assets to reduce memory usage. Loaded Objects now: 3934.
Total: 2.431600 ms (FindLiveObjects: 0.275200 ms CreateObjectMapping: 0.161500 ms MarkObjects: 1.709900 ms  DeleteObjects: 0.284300 ms)

========================================================================
Received Prepare
Registering precompiled user dll's ...
Registered in 0.002090 seconds.
Begin MonoManager ReloadAssembly
Native extension for LinuxStandalone target not found
Native extension for WindowsStandalone target not found
Native extension for OSXStandalone target not found
Native extension for WebGL target not found
Refreshing native plugins compatible for Editor in 0.59 ms, found 2 plugins.
Preloading 0 native plugins for Editor in 0.00 ms.
Mono: successfully reloaded assembly
- Completed reload, in  0.835 seconds
Platform modules already initialized, skipping
Refreshing native plugins compatible for Editor in 0.57 ms, found 2 plugins.
Preloading 0 native plugins for Editor in 0.00 ms.
Unloading 3410 Unused Serialized files (Serialized files now loaded: 0)
System memory in use before: 134.7 MB.
System memory in use after: 134.2 MB.

Unloading 30 unused Assets to reduce memory usage. Loaded Objects now: 3938.
Total: 2.878000 ms (FindLiveObjects: 0.290500 ms CreateObjectMapping: 0.217000 ms MarkObjects: 2.057600 ms  DeleteObjects: 0.312000 ms)

========================================================================
Received Prepare
Registering precompiled user dll's ...
Registered in 0.002153 seconds.
Begin MonoManager ReloadAssembly
Native extension for LinuxStandalone target not found
Native extension for WindowsStandalone target not found
Native extension for OSXStandalone target not found
Native extension for WebGL target not found
Refreshing native plugins compatible for Editor in 0.69 ms, found 2 plugins.
Preloading 0 native plugins for Editor in 0.00 ms.
Mono: successfully reloaded assembly
- Completed reload, in  0.836 seconds
Platform modules already initialized, skipping
Refreshing native plugins compatible for Editor in 0.61 ms, found 2 plugins.
Preloading 0 native plugins for Editor in 0.00 ms.
Unloading 3410 Unused Serialized files (Serialized files now loaded: 0)
System memory in use before: 134.7 MB.
System memory in use after: 134.2 MB.

Unloading 30 unused Assets to reduce memory usage. Loaded Objects now: 3942.
Total: 2.494000 ms (FindLiveObjects: 0.275300 ms CreateObjectMapping: 0.192000 ms MarkObjects: 1.736900 ms  DeleteObjects: 0.288800 ms)

========================================================================
Received Prepare
Registering precompiled user dll's ...
Registered in 0.002091 seconds.
Begin MonoManager ReloadAssembly
Native extension for LinuxStandalone target not found
Native extension for WindowsStandalone target not found
Native extension for OSXStandalone target not found
Native extension for WebGL target not found
Refreshing native plugins compatible for Editor in 0.59 ms, found 2 plugins.
Preloading 0 native plugins for Editor in 0.00 ms.
Mono: successfully reloaded assembly
- Completed reload, in  0.840 seconds
Platform modules already initialized, skipping
Refreshing native plugins compatible for Editor in 0.60 ms, found 2 plugins.
Preloading 0 native plugins for Editor in 0.00 ms.
Unloading 3410 Unused Serialized files (Serialized files now loaded: 0)
System memory in use before: 134.7 MB.
System memory in use after: 134.2 MB.

Unloading 30 unused Assets to reduce memory usage. Loaded Objects now: 3946.
Total: 2.498900 ms (FindLiveObjects: 0.268100 ms CreateObjectMapping: 0.171800 ms MarkObjects: 1.764500 ms  DeleteObjects: 0.293400 ms)

========================================================================
Received Prepare
Registering precompiled user dll's ...
Registered in 0.002112 seconds.
Begin MonoManager ReloadAssembly
Native extension for LinuxStandalone target not found
Native extension for WindowsStandalone target not found
Native extension for OSXStandalone target not found
Native extension for WebGL target not found
Refreshing native plugins compatible for Editor in 0.58 ms, found 2 plugins.
Preloading 0 native plugins for Editor in 0.00 ms.
Mono: successfully reloaded assembly
- Completed reload, in  0.859 seconds
Platform modules already initialized, skipping
Refreshing native plugins compatible for Editor in 0.62 ms, found 2 plugins.
Preloading 0 native plugins for Editor in 0.00 ms.
Unloading 3410 Unused Serialized files (Serialized files now loaded: 0)
System memory in use before: 134.8 MB.
System memory in use after: 134.2 MB.

Unloading 30 unused Assets to reduce memory usage. Loaded Objects now: 3950.
Total: 2.427700 ms (FindLiveObjects: 0.255600 ms CreateObjectMapping: 0.157700 ms MarkObjects: 1.728900 ms  DeleteObjects: 0.284200 ms)

========================================================================
Received Prepare
Registering precompiled user dll's ...
Registered in 0.002201 seconds.
Begin MonoManager ReloadAssembly
Native extension for LinuxStandalone target not found
Native extension for WindowsStandalone target not found
Native extension for OSXStandalone target not found
Native extension for WebGL target not found
Refreshing native plugins compatible for Editor in 0.64 ms, found 2 plugins.
Preloading 0 native plugins for Editor in 0.00 ms.
Mono: successfully reloaded assembly
- Completed reload, in  0.846 seconds
Platform modules already initialized, skipping
Refreshing native plugins compatible for Editor in 0.57 ms, found 2 plugins.
Preloading 0 native plugins for Editor in 0.00 ms.
Unloading 3410 Unused Serialized files (Serialized files now loaded: 0)
System memory in use before: 134.8 MB.
System memory in use after: 134.2 MB.

Unloading 30 unused Assets to reduce memory usage. Loaded Objects now: 3954.
Total: 2.465900 ms (FindLiveObjects: 0.266500 ms CreateObjectMapping: 0.173700 ms MarkObjects: 1.739400 ms  DeleteObjects: 0.285300 ms)

========================================================================
Received Prepare
Registering precompiled user dll's ...
Registered in 0.002104 seconds.
Begin MonoManager ReloadAssembly
Native extension for LinuxStandalone target not found
Native extension for WindowsStandalone target not found
Native extension for OSXStandalone target not found
Native extension for WebGL target not found
Refreshing native plugins compatible for Editor in 0.59 ms, found 2 plugins.
Preloading 0 native plugins for Editor in 0.00 ms.
Mono: successfully reloaded assembly
- Completed reload, in  0.829 seconds
Platform modules already initialized, skipping
Refreshing native plugins compatible for Editor in 0.57 ms, found 2 plugins.
Preloading 0 native plugins for Editor in 0.00 ms.
Unloading 3410 Unused Serialized files (Serialized files now loaded: 0)
System memory in use before: 134.8 MB.
System memory in use after: 134.2 MB.

Unloading 30 unused Assets to reduce memory usage. Loaded Objects now: 3958.
Total: 2.234900 ms (FindLiveObjects: 0.252600 ms CreateObjectMapping: 0.149000 ms MarkObjects: 1.567900 ms  DeleteObjects: 0.264600 ms)

========================================================================
Received Prepare
Registering precompiled user dll's ...
Registered in 0.002361 seconds.
Begin MonoManager ReloadAssembly
Native extension for LinuxStandalone target not found
Native extension for WindowsStandalone target not found
Native extension for OSXStandalone target not found
Native extension for WebGL target not found
Refreshing native plugins compatible for Editor in 0.58 ms, found 2 plugins.
Preloading 0 native plugins for Editor in 0.00 ms.
Mono: successfully reloaded assembly
- Completed reload, in  0.937 seconds
Platform modules already initialized, skipping
Refreshing native plugins compatible for Editor in 0.84 ms, found 2 plugins.
Preloading 0 native plugins for Editor in 0.00 ms.
Unloading 3410 Unused Serialized files (Serialized files now loaded: 0)
System memory in use before: 134.8 MB.
System memory in use after: 134.2 MB.

Unloading 30 unused Assets to reduce memory usage. Loaded Objects now: 3962.
Total: 4.511700 ms (FindLiveObjects: 0.413300 ms CreateObjectMapping: 0.411800 ms MarkObjects: 3.139100 ms  DeleteObjects: 0.546000 ms)

========================================================================
Received Prepare
Registering precompiled user dll's ...
Registered in 0.003070 seconds.
Begin MonoManager ReloadAssembly
Native extension for LinuxStandalone target not found
Native extension for WindowsStandalone target not found
Native extension for OSXStandalone target not found
Native extension for WebGL target not found
Refreshing native plugins compatible for Editor in 0.66 ms, found 2 plugins.
Preloading 0 native plugins for Editor in 0.00 ms.
Mono: successfully reloaded assembly
- Completed reload, in  1.083 seconds
Platform modules already initialized, skipping
Refreshing native plugins compatible for Editor in 0.66 ms, found 2 plugins.
Preloading 0 native plugins for Editor in 0.00 ms.
Unloading 3410 Unused Serialized files (Serialized files now loaded: 0)
System memory in use before: 134.8 MB.
System memory in use after: 134.2 MB.

Unloading 30 unused Assets to reduce memory usage. Loaded Objects now: 3966.
Total: 3.114200 ms (FindLiveObjects: 0.271200 ms CreateObjectMapping: 0.173700 ms MarkObjects: 2.169000 ms  DeleteObjects: 0.498900 ms)

========================================================================
Received Prepare
Registering precompiled user dll's ...
Registered in 0.002138 seconds.
Begin MonoManager ReloadAssembly
Native extension for LinuxStandalone target not found
Native extension for WindowsStandalone target not found
Native extension for OSXStandalone target not found
Native extension for WebGL target not found
Refreshing native plugins compatible for Editor in 0.63 ms, found 2 plugins.
Preloading 0 native plugins for Editor in 0.00 ms.
Mono: successfully reloaded assembly
- Completed reload, in  0.946 seconds
Platform modules already initialized, skipping
Refreshing native plugins compatible for Editor in 0.58 ms, found 2 plugins.
Preloading 0 native plugins for Editor in 0.00 ms.
Unloading 3410 Unused Serialized files (Serialized files now loaded: 0)
System memory in use before: 134.8 MB.
System memory in use after: 134.2 MB.

Unloading 30 unused Assets to reduce memory usage. Loaded Objects now: 3970.
Total: 3.180000 ms (FindLiveObjects: 0.279700 ms CreateObjectMapping: 0.177700 ms MarkObjects: 2.415700 ms  DeleteObjects: 0.305000 ms)

========================================================================
Received Prepare
Registering precompiled user dll's ...
Registered in 0.003013 seconds.
Begin MonoManager ReloadAssembly
Native extension for LinuxStandalone target not found
Native extension for WindowsStandalone target not found
Native extension for OSXStandalone target not found
Native extension for WebGL target not found
Refreshing native plugins compatible for Editor in 0.60 ms, found 2 plugins.
Preloading 0 native plugins for Editor in 0.00 ms.
Mono: successfully reloaded assembly
- Completed reload, in  0.933 seconds
Platform modules already initialized, skipping
Refreshing native plugins compatible for Editor in 0.77 ms, found 2 plugins.
Preloading 0 native plugins for Editor in 0.00 ms.
Unloading 3410 Unused Serialized files (Serialized files now loaded: 0)
System memory in use before: 134.8 MB.
System memory in use after: 134.3 MB.

Unloading 30 unused Assets to reduce memory usage. Loaded Objects now: 3974.
Total: 2.667900 ms (FindLiveObjects: 0.292500 ms CreateObjectMapping: 0.184000 ms MarkObjects: 1.891000 ms  DeleteObjects: 0.299200 ms)

========================================================================
Received Prepare
Registering precompiled user dll's ...
Registered in 0.002231 seconds.
Begin MonoManager ReloadAssembly
Native extension for LinuxStandalone target not found
Native extension for WindowsStandalone target not found
Native extension for OSXStandalone target not found
Native extension for WebGL target not found
Refreshing native plugins compatible for Editor in 0.60 ms, found 2 plugins.
Preloading 0 native plugins for Editor in 0.00 ms.
Mono: successfully reloaded assembly
- Completed reload, in  0.932 seconds
Platform modules already initialized, skipping
Refreshing native plugins compatible for Editor in 0.65 ms, found 2 plugins.
Preloading 0 native plugins for Editor in 0.00 ms.
Unloading 3410 Unused Serialized files (Serialized files now loaded: 0)
System memory in use before: 134.8 MB.
System memory in use after: 134.3 MB.

Unloading 30 unused Assets to reduce memory usage. Loaded Objects now: 3978.
Total: 2.536200 ms (FindLiveObjects: 0.288300 ms CreateObjectMapping: 0.176200 ms MarkObjects: 1.781900 ms  DeleteObjects: 0.288800 ms)

========================================================================
Received Prepare
Registering precompiled user dll's ...
Registered in 0.002136 seconds.
Begin MonoManager ReloadAssembly
Native extension for LinuxStandalone target not found
Native extension for WindowsStandalone target not found
Native extension for OSXStandalone target not found
Native extension for WebGL target not found
Refreshing native plugins compatible for Editor in 0.59 ms, found 2 plugins.
Preloading 0 native plugins for Editor in 0.00 ms.
Mono: successfully reloaded assembly
- Completed reload, in  0.878 seconds
Platform modules already initialized, skipping
Refreshing native plugins compatible for Editor in 0.57 ms, found 2 plugins.
Preloading 0 native plugins for Editor in 0.00 ms.
Unloading 3410 Unused Serialized files (Serialized files now loaded: 0)
System memory in use before: 134.8 MB.
System memory in use after: 134.3 MB.

Unloading 30 unused Assets to reduce memory usage. Loaded Objects now: 3982.
Total: 2.574400 ms (FindLiveObjects: 0.294800 ms CreateObjectMapping: 0.176400 ms MarkObjects: 1.814800 ms  DeleteObjects: 0.287300 ms)

AssetImportWorkerClient::OnTransportError - code=2 error=End of file
