Using pre-set license
Built from '2021.1/staging' branch; Version is '2021.1.2f1 (e5d502d80fbb) revision 15062274'; Using compiler version '192528614'; Build Type 'Release'
OS: 'Windows 10 Education; OS build 18363.1500; Version 1909; 64bit' Language: 'en' Physical Memory: 8190 MB
BatchMode: 1, IsHumanControllingUs: 0, StartBugReporterOnCrash: 0, Is64bit: 1, IsPro: 0

 COMMAND LINE ARGUMENTS:
C:\Program Files\Unity\Hub\Editor\2021.1.2f1\Editor\Unity.exe
-adb2
-batchMode
-noUpm
-name
AssetImportWorker1
-projectPath
C:/Users/admin/Documents/GitHub/Slots-Naytto/Lottery
-logFile
Logs/AssetImportWorker1.log
-srvPort
49717
Successfully changed project path to: C:/Users/admin/Documents/GitHub/Slots-Naytto/Lottery
C:/Users/admin/Documents/GitHub/Slots-Naytto/Lottery
Using Asset Import Pipeline V2.
Refreshing native plugins compatible for Editor in 101.66 ms, found 2 plugins.
Preloading 0 native plugins for Editor in 0.00 ms.
Initialize engine version: 2021.1.2f1 (e5d502d80fbb)
[Subsystems] Discovering subsystems at path C:/Program Files/Unity/Hub/Editor/2021.1.2f1/Editor/Data/Resources/UnitySubsystems
[Subsystems] Discovering subsystems at path C:/Users/admin/Documents/GitHub/Slots-Naytto/Lottery/Assets
GfxDevice: creating device client; threaded=0; jobified=0
Direct3D:
    Version:  Direct3D 11.0 [level 11.1]
    Renderer: Microsoft Basic Render Driver (ID=0x8c)
    Vendor:   Microsoft
    VRAM:     4095 MB
Initialize mono
Mono path[0] = 'C:/Program Files/Unity/Hub/Editor/2021.1.2f1/Editor/Data/Managed'
Mono path[1] = 'C:/Program Files/Unity/Hub/Editor/2021.1.2f1/Editor/Data/MonoBleedingEdge/lib/mono/unityjit'
Mono config path = 'C:/Program Files/Unity/Hub/Editor/2021.1.2f1/Editor/Data/MonoBleedingEdge/etc'
Using monoOptions --debugger-agent=transport=dt_socket,embedding=1,server=y,suspend=n,address=127.0.0.1:56188
Begin MonoManager ReloadAssembly
Registering precompiled unity dll's ...
Register platform support module: C:/Program Files/Unity/Hub/Editor/2021.1.2f1/Editor/Data/PlaybackEngines/WebGLSupport/UnityEditor.WebGL.Extensions.dll
Register platform support module: C:/Program Files/Unity/Hub/Editor/2021.1.2f1/Editor/Data/PlaybackEngines/WindowsStandaloneSupport/UnityEditor.WindowsStandalone.Extensions.dll
Register platform support module: C:/Program Files/Unity/Hub/Editor/2021.1.2f1/Editor/Data/PlaybackEngines/LinuxStandaloneSupport/UnityEditor.LinuxStandalone.Extensions.dll
Registered in 0.001830 seconds.
Native extension for LinuxStandalone target not found
Native extension for WindowsStandalone target not found
Native extension for WebGL target not found
Refreshing native plugins compatible for Editor in 95.31 ms, found 2 plugins.
Preloading 0 native plugins for Editor in 0.00 ms.
Mono: successfully reloaded assembly
- Completed reload, in  1.908 seconds
Platform modules already initialized, skipping
Registering precompiled user dll's ...
Registered in 0.002774 seconds.
Begin MonoManager ReloadAssembly
Native extension for LinuxStandalone target not found
Native extension for WindowsStandalone target not found
Native extension for WebGL target not found
Refreshing native plugins compatible for Editor in 98.99 ms, found 2 plugins.
Preloading 0 native plugins for Editor in 0.00 ms.
Mono: successfully reloaded assembly
- Completed reload, in  1.177 seconds
Platform modules already initialized, skipping
========================================================================
Worker process is ready to serve import requests
Launched and connected shader compiler UnityShaderCompiler.exe after 0.11 seconds
Refreshing native plugins compatible for Editor in 0.70 ms, found 2 plugins.
Preloading 0 native plugins for Editor in 0.00 ms.
Unloading 3423 Unused Serialized files (Serialized files now loaded: 0)
System memory in use before: 131.1 MB.
System memory in use after: 131.3 MB.

Unloading 24 unused Assets to reduce memory usage. Loaded Objects now: 3880.
Total: 2.997300 ms (FindLiveObjects: 0.319500 ms CreateObjectMapping: 0.185700 ms MarkObjects: 2.389400 ms  DeleteObjects: 0.101400 ms)

========================================================================
Received Import Request.
  path: Assets/Script/Roll_1.cs
  artifactKey: Guid(7c143a4a08ef9f6429361bcc860a5027) Importer(815301076,1909f56bfc062723c751e8b465ee728b)
Start importing Assets/Script/Roll_1.cs using Guid(7c143a4a08ef9f6429361bcc860a5027) Importer(815301076,1909f56bfc062723c751e8b465ee728b)  -> (artifact id: '661baed920bfb2f1aba8a3f151159213') in 0.035964 seconds 
========================================================================
Received Import Request.
  Time since last request: 1525.873519 seconds.
  path: Assets/Script/ChanceTable.cs
  artifactKey: Guid(fea80dd968042004bbed8c99150b052a) Importer(815301076,1909f56bfc062723c751e8b465ee728b)
Start importing Assets/Script/ChanceTable.cs using Guid(fea80dd968042004bbed8c99150b052a) Importer(815301076,1909f56bfc062723c751e8b465ee728b)  -> (artifact id: '56c5667f29ce9e65f406c230afe64b49') in 0.058636 seconds 
========================================================================
Received Prepare
Registering precompiled user dll's ...
Registered in 0.002927 seconds.
Begin MonoManager ReloadAssembly
Native extension for LinuxStandalone target not found
Native extension for WindowsStandalone target not found
Native extension for WebGL target not found
Refreshing native plugins compatible for Editor in 0.74 ms, found 2 plugins.
Preloading 0 native plugins for Editor in 0.00 ms.
Mono: successfully reloaded assembly
- Completed reload, in  1.108 seconds
Platform modules already initialized, skipping
Refreshing native plugins compatible for Editor in 0.72 ms, found 2 plugins.
Preloading 0 native plugins for Editor in 0.00 ms.
Unloading 3400 Unused Serialized files (Serialized files now loaded: 0)
System memory in use before: 129.3 MB.
System memory in use after: 129.5 MB.

Unloading 12 unused Assets to reduce memory usage. Loaded Objects now: 3884.
Total: 3.309500 ms (FindLiveObjects: 0.432900 ms CreateObjectMapping: 0.199900 ms MarkObjects: 2.639400 ms  DeleteObjects: 0.036000 ms)

========================================================================
Received Import Request.
  Time since last request: 4481.593068 seconds.
  path: Assets/Script/ChanceTable.cs
  artifactKey: Guid(fea80dd968042004bbed8c99150b052a) Importer(815301076,1909f56bfc062723c751e8b465ee728b)
Start importing Assets/Script/ChanceTable.cs using Guid(fea80dd968042004bbed8c99150b052a) Importer(815301076,1909f56bfc062723c751e8b465ee728b)  -> (artifact id: '8f31906db82f15a9971c7e5e7a78a785') in 0.021289 seconds 
========================================================================
Received Import Request.
  Time since last request: 35.200774 seconds.
  path: Assets/Script/ChanceTable.cs
  artifactKey: Guid(fea80dd968042004bbed8c99150b052a) Importer(815301076,1909f56bfc062723c751e8b465ee728b)
Start importing Assets/Script/ChanceTable.cs using Guid(fea80dd968042004bbed8c99150b052a) Importer(815301076,1909f56bfc062723c751e8b465ee728b)  -> (artifact id: '1e7fcea0319040eee8404d243a71746d') in 0.019245 seconds 
========================================================================
Received Import Request.
  Time since last request: 430.594888 seconds.
  path: Assets/Script/ChanceTable.cs
  artifactKey: Guid(fea80dd968042004bbed8c99150b052a) Importer(815301076,1909f56bfc062723c751e8b465ee728b)
Start importing Assets/Script/ChanceTable.cs using Guid(fea80dd968042004bbed8c99150b052a) Importer(815301076,1909f56bfc062723c751e8b465ee728b)  -> (artifact id: '70a4e33e74ae0e40991559e4adff5c4e') in 0.052352 seconds 
========================================================================
Received Import Request.
  Time since last request: 16.277238 seconds.
  path: Assets/Script/ChanceTable.cs
  artifactKey: Guid(fea80dd968042004bbed8c99150b052a) Importer(815301076,1909f56bfc062723c751e8b465ee728b)
Start importing Assets/Script/ChanceTable.cs using Guid(fea80dd968042004bbed8c99150b052a) Importer(815301076,1909f56bfc062723c751e8b465ee728b)  -> (artifact id: 'd230667c576c7a530a14a533ad54222f') in 0.047548 seconds 
========================================================================
Received Import Request.
  Time since last request: 284.074902 seconds.
  path: Assets/Script/ChanceTable.cs
  artifactKey: Guid(fea80dd968042004bbed8c99150b052a) Importer(815301076,1909f56bfc062723c751e8b465ee728b)
Start importing Assets/Script/ChanceTable.cs using Guid(fea80dd968042004bbed8c99150b052a) Importer(815301076,1909f56bfc062723c751e8b465ee728b)  -> (artifact id: 'adcdafef48b7b54bbe8aeafde1844c13') in 0.029869 seconds 
========================================================================
Received Import Request.
  Time since last request: 16.138989 seconds.
  path: Assets/Script/ChanceTable.cs
  artifactKey: Guid(fea80dd968042004bbed8c99150b052a) Importer(815301076,1909f56bfc062723c751e8b465ee728b)
Start importing Assets/Script/ChanceTable.cs using Guid(fea80dd968042004bbed8c99150b052a) Importer(815301076,1909f56bfc062723c751e8b465ee728b)  -> (artifact id: '8e274e79aae948dc6e435b0881619c37') in 0.021515 seconds 
========================================================================
Received Import Request.
  Time since last request: 170.446673 seconds.
  path: Assets/Script/ChanceTable.cs
  artifactKey: Guid(fea80dd968042004bbed8c99150b052a) Importer(815301076,1909f56bfc062723c751e8b465ee728b)
Start importing Assets/Script/ChanceTable.cs using Guid(fea80dd968042004bbed8c99150b052a) Importer(815301076,1909f56bfc062723c751e8b465ee728b)  -> (artifact id: 'c5072a8377a85dfeef65769446325e17') in 0.024887 seconds 
========================================================================
Received Import Request.
  Time since last request: 27.165116 seconds.
  path: Assets/Script/ChanceTable.cs
  artifactKey: Guid(fea80dd968042004bbed8c99150b052a) Importer(815301076,1909f56bfc062723c751e8b465ee728b)
Start importing Assets/Script/ChanceTable.cs using Guid(fea80dd968042004bbed8c99150b052a) Importer(815301076,1909f56bfc062723c751e8b465ee728b)  -> (artifact id: 'c385b5fe49f9468586c7938a14101c2f') in 0.003514 seconds 
========================================================================
Received Import Request.
  Time since last request: 57.369314 seconds.
  path: Assets/Script/ChanceTable.cs
  artifactKey: Guid(fea80dd968042004bbed8c99150b052a) Importer(815301076,1909f56bfc062723c751e8b465ee728b)
Start importing Assets/Script/ChanceTable.cs using Guid(fea80dd968042004bbed8c99150b052a) Importer(815301076,1909f56bfc062723c751e8b465ee728b)  -> (artifact id: '201c725c1ae75825f909d2ed67c9446a') in 0.019003 seconds 
========================================================================
Received Import Request.
  Time since last request: 21.739615 seconds.
  path: Assets/Script/ChanceTable.cs
  artifactKey: Guid(fea80dd968042004bbed8c99150b052a) Importer(815301076,1909f56bfc062723c751e8b465ee728b)
Start importing Assets/Script/ChanceTable.cs using Guid(fea80dd968042004bbed8c99150b052a) Importer(815301076,1909f56bfc062723c751e8b465ee728b)  -> (artifact id: '125a41a85dd35f5c2e351863336117b7') in 0.016763 seconds 
========================================================================
Received Import Request.
  Time since last request: 26.893324 seconds.
  path: Assets/Script/ChanceTable.cs
  artifactKey: Guid(fea80dd968042004bbed8c99150b052a) Importer(815301076,1909f56bfc062723c751e8b465ee728b)
Start importing Assets/Script/ChanceTable.cs using Guid(fea80dd968042004bbed8c99150b052a) Importer(815301076,1909f56bfc062723c751e8b465ee728b)  -> (artifact id: 'f550c44a9a268e16b6d57b04e4696037') in 0.043691 seconds 
========================================================================
Received Import Request.
  Time since last request: 10.155635 seconds.
  path: Assets/Script/ChanceTable.cs
  artifactKey: Guid(fea80dd968042004bbed8c99150b052a) Importer(815301076,1909f56bfc062723c751e8b465ee728b)
Start importing Assets/Script/ChanceTable.cs using Guid(fea80dd968042004bbed8c99150b052a) Importer(815301076,1909f56bfc062723c751e8b465ee728b)  -> (artifact id: 'e585b357929a4efdda697f5ba697f87d') in 0.016009 seconds 
========================================================================
Received Prepare
Registering precompiled user dll's ...
Registered in 0.004072 seconds.
Begin MonoManager ReloadAssembly
Native extension for LinuxStandalone target not found
Native extension for WindowsStandalone target not found
Native extension for WebGL target not found
Refreshing native plugins compatible for Editor in 0.71 ms, found 2 plugins.
Preloading 0 native plugins for Editor in 0.00 ms.
Mono: successfully reloaded assembly
- Completed reload, in  1.084 seconds
Platform modules already initialized, skipping
Refreshing native plugins compatible for Editor in 0.69 ms, found 2 plugins.
Preloading 0 native plugins for Editor in 0.00 ms.
Unloading 3400 Unused Serialized files (Serialized files now loaded: 0)
System memory in use before: 129.4 MB.
System memory in use after: 129.6 MB.

Unloading 12 unused Assets to reduce memory usage. Loaded Objects now: 3888.
Total: 2.813000 ms (FindLiveObjects: 0.327900 ms CreateObjectMapping: 0.183500 ms MarkObjects: 2.259900 ms  DeleteObjects: 0.040700 ms)

========================================================================
Received Import Request.
  Time since last request: 189.751289 seconds.
  path: Assets/Script/ChanceTable.cs
  artifactKey: Guid(fea80dd968042004bbed8c99150b052a) Importer(815301076,1909f56bfc062723c751e8b465ee728b)
Start importing Assets/Script/ChanceTable.cs using Guid(fea80dd968042004bbed8c99150b052a) Importer(815301076,1909f56bfc062723c751e8b465ee728b)  -> (artifact id: 'f796c052cc1049e18748bf01f69bd598') in 0.007086 seconds 
========================================================================
Received Prepare
Registering precompiled user dll's ...
Registered in 0.028547 seconds.
Begin MonoManager ReloadAssembly
Native extension for LinuxStandalone target not found
Native extension for WindowsStandalone target not found
Native extension for WebGL target not found
Refreshing native plugins compatible for Editor in 0.72 ms, found 2 plugins.
Preloading 0 native plugins for Editor in 0.00 ms.
Mono: successfully reloaded assembly
- Completed reload, in  7.167 seconds
Platform modules already initialized, skipping
Refreshing native plugins compatible for Editor in 0.74 ms, found 2 plugins.
Preloading 0 native plugins for Editor in 0.00 ms.
Unloading 3400 Unused Serialized files (Serialized files now loaded: 0)
System memory in use before: 129.4 MB.
System memory in use after: 129.6 MB.

Unloading 12 unused Assets to reduce memory usage. Loaded Objects now: 3892.
Total: 3.096300 ms (FindLiveObjects: 0.370100 ms CreateObjectMapping: 0.203000 ms MarkObjects: 2.487600 ms  DeleteObjects: 0.034300 ms)

========================================================================
Received Prepare
Registering precompiled user dll's ...
Registered in 0.002996 seconds.
Begin MonoManager ReloadAssembly
Native extension for LinuxStandalone target not found
Native extension for WindowsStandalone target not found
Native extension for WebGL target not found
Refreshing native plugins compatible for Editor in 0.70 ms, found 2 plugins.
Preloading 0 native plugins for Editor in 0.00 ms.
Mono: successfully reloaded assembly
- Completed reload, in  1.081 seconds
Platform modules already initialized, skipping
Refreshing native plugins compatible for Editor in 0.63 ms, found 2 plugins.
Preloading 0 native plugins for Editor in 0.00 ms.
Unloading 3400 Unused Serialized files (Serialized files now loaded: 0)
System memory in use before: 129.4 MB.
System memory in use after: 129.7 MB.

Unloading 12 unused Assets to reduce memory usage. Loaded Objects now: 3896.
Total: 2.766900 ms (FindLiveObjects: 0.334000 ms CreateObjectMapping: 0.175000 ms MarkObjects: 2.238900 ms  DeleteObjects: 0.018100 ms)

========================================================================
Received Prepare
Registering precompiled user dll's ...
Registered in 0.003167 seconds.
Begin MonoManager ReloadAssembly
Native extension for LinuxStandalone target not found
Native extension for WindowsStandalone target not found
Native extension for WebGL target not found
Refreshing native plugins compatible for Editor in 0.81 ms, found 2 plugins.
Preloading 0 native plugins for Editor in 0.00 ms.
Mono: successfully reloaded assembly
- Completed reload, in  1.148 seconds
Platform modules already initialized, skipping
Refreshing native plugins compatible for Editor in 0.71 ms, found 2 plugins.
Preloading 0 native plugins for Editor in 0.00 ms.
Unloading 3400 Unused Serialized files (Serialized files now loaded: 0)
System memory in use before: 129.4 MB.
System memory in use after: 129.7 MB.

Unloading 12 unused Assets to reduce memory usage. Loaded Objects now: 3900.
Total: 3.131100 ms (FindLiveObjects: 0.325000 ms CreateObjectMapping: 0.196400 ms MarkObjects: 2.571600 ms  DeleteObjects: 0.036800 ms)

========================================================================
Received Prepare
Registering precompiled user dll's ...
Registered in 0.002854 seconds.
Begin MonoManager ReloadAssembly
Native extension for LinuxStandalone target not found
Native extension for WindowsStandalone target not found
Native extension for WebGL target not found
Refreshing native plugins compatible for Editor in 0.70 ms, found 2 plugins.
Preloading 0 native plugins for Editor in 0.00 ms.
Mono: successfully reloaded assembly
- Completed reload, in  1.067 seconds
Platform modules already initialized, skipping
Refreshing native plugins compatible for Editor in 0.84 ms, found 2 plugins.
Preloading 0 native plugins for Editor in 0.00 ms.
Unloading 3400 Unused Serialized files (Serialized files now loaded: 0)
System memory in use before: 129.4 MB.
System memory in use after: 129.7 MB.

Unloading 12 unused Assets to reduce memory usage. Loaded Objects now: 3904.
Total: 4.720300 ms (FindLiveObjects: 0.813200 ms CreateObjectMapping: 0.328200 ms MarkObjects: 3.542200 ms  DeleteObjects: 0.034200 ms)

========================================================================
Received Prepare
Registering precompiled user dll's ...
Registered in 0.003315 seconds.
Begin MonoManager ReloadAssembly
Native extension for LinuxStandalone target not found
Native extension for WindowsStandalone target not found
Native extension for WebGL target not found
Refreshing native plugins compatible for Editor in 0.80 ms, found 2 plugins.
Preloading 0 native plugins for Editor in 0.00 ms.
Mono: successfully reloaded assembly
- Completed reload, in  1.064 seconds
Platform modules already initialized, skipping
Refreshing native plugins compatible for Editor in 0.69 ms, found 2 plugins.
Preloading 0 native plugins for Editor in 0.00 ms.
Unloading 3400 Unused Serialized files (Serialized files now loaded: 0)
System memory in use before: 129.4 MB.
System memory in use after: 129.7 MB.

Unloading 12 unused Assets to reduce memory usage. Loaded Objects now: 3908.
Total: 2.863400 ms (FindLiveObjects: 0.333600 ms CreateObjectMapping: 0.219800 ms MarkObjects: 2.238900 ms  DeleteObjects: 0.069900 ms)

========================================================================
Received Prepare
Registering precompiled user dll's ...
Registered in 0.003437 seconds.
Begin MonoManager ReloadAssembly
Native extension for LinuxStandalone target not found
Native extension for WindowsStandalone target not found
Native extension for WebGL target not found
Refreshing native plugins compatible for Editor in 0.73 ms, found 2 plugins.
Preloading 0 native plugins for Editor in 0.00 ms.
Mono: successfully reloaded assembly
- Completed reload, in  1.068 seconds
Platform modules already initialized, skipping
Refreshing native plugins compatible for Editor in 0.72 ms, found 2 plugins.
Preloading 0 native plugins for Editor in 0.00 ms.
Unloading 3400 Unused Serialized files (Serialized files now loaded: 0)
System memory in use before: 129.5 MB.
System memory in use after: 129.7 MB.

Unloading 12 unused Assets to reduce memory usage. Loaded Objects now: 3912.
Total: 2.938000 ms (FindLiveObjects: 0.347800 ms CreateObjectMapping: 0.212600 ms MarkObjects: 2.345800 ms  DeleteObjects: 0.030800 ms)

========================================================================
Received Prepare
Registering precompiled user dll's ...
Registered in 0.008645 seconds.
Begin MonoManager ReloadAssembly
Native extension for LinuxStandalone target not found
Native extension for WindowsStandalone target not found
Native extension for WebGL target not found
Refreshing native plugins compatible for Editor in 0.69 ms, found 2 plugins.
Preloading 0 native plugins for Editor in 0.00 ms.
Mono: successfully reloaded assembly
- Completed reload, in  0.995 seconds
Platform modules already initialized, skipping
Refreshing native plugins compatible for Editor in 0.69 ms, found 2 plugins.
Preloading 0 native plugins for Editor in 0.00 ms.
Unloading 3400 Unused Serialized files (Serialized files now loaded: 0)
System memory in use before: 129.5 MB.
System memory in use after: 129.7 MB.

Unloading 12 unused Assets to reduce memory usage. Loaded Objects now: 3916.
Total: 2.896200 ms (FindLiveObjects: 0.331200 ms CreateObjectMapping: 0.206500 ms MarkObjects: 2.283800 ms  DeleteObjects: 0.073500 ms)

========================================================================
Received Prepare
Registering precompiled user dll's ...
Registered in 0.003341 seconds.
Begin MonoManager ReloadAssembly
Native extension for LinuxStandalone target not found
Native extension for WindowsStandalone target not found
Native extension for WebGL target not found
Refreshing native plugins compatible for Editor in 0.75 ms, found 2 plugins.
Preloading 0 native plugins for Editor in 0.00 ms.
Mono: successfully reloaded assembly
- Completed reload, in  1.166 seconds
Platform modules already initialized, skipping
Refreshing native plugins compatible for Editor in 0.71 ms, found 2 plugins.
Preloading 0 native plugins for Editor in 0.00 ms.
Unloading 3400 Unused Serialized files (Serialized files now loaded: 0)
System memory in use before: 129.5 MB.
System memory in use after: 129.7 MB.

Unloading 12 unused Assets to reduce memory usage. Loaded Objects now: 3920.
Total: 3.113600 ms (FindLiveObjects: 0.376500 ms CreateObjectMapping: 0.231200 ms MarkObjects: 2.479300 ms  DeleteObjects: 0.025100 ms)

========================================================================
Received Prepare
Registering precompiled user dll's ...
Registered in 0.004009 seconds.
Begin MonoManager ReloadAssembly
Native extension for LinuxStandalone target not found
Native extension for WindowsStandalone target not found
Native extension for WebGL target not found
Refreshing native plugins compatible for Editor in 0.67 ms, found 2 plugins.
Preloading 0 native plugins for Editor in 0.00 ms.
Mono: successfully reloaded assembly
- Completed reload, in  1.023 seconds
Platform modules already initialized, skipping
Refreshing native plugins compatible for Editor in 0.72 ms, found 2 plugins.
Preloading 0 native plugins for Editor in 0.00 ms.
Unloading 3400 Unused Serialized files (Serialized files now loaded: 0)
System memory in use before: 129.5 MB.
System memory in use after: 129.7 MB.

Unloading 12 unused Assets to reduce memory usage. Loaded Objects now: 3924.
Total: 3.422900 ms (FindLiveObjects: 0.359700 ms CreateObjectMapping: 0.199900 ms MarkObjects: 2.829700 ms  DeleteObjects: 0.032300 ms)

========================================================================
Received Prepare
Registering precompiled user dll's ...
Registered in 0.003702 seconds.
Begin MonoManager ReloadAssembly
Native extension for LinuxStandalone target not found
Native extension for WindowsStandalone target not found
Native extension for WebGL target not found
Refreshing native plugins compatible for Editor in 0.75 ms, found 2 plugins.
Preloading 0 native plugins for Editor in 0.00 ms.
Mono: successfully reloaded assembly
- Completed reload, in  1.101 seconds
Platform modules already initialized, skipping
Refreshing native plugins compatible for Editor in 0.68 ms, found 2 plugins.
Preloading 0 native plugins for Editor in 0.00 ms.
Unloading 3400 Unused Serialized files (Serialized files now loaded: 0)
System memory in use before: 129.5 MB.
System memory in use after: 129.7 MB.

Unloading 12 unused Assets to reduce memory usage. Loaded Objects now: 3928.
Total: 3.015600 ms (FindLiveObjects: 0.332500 ms CreateObjectMapping: 0.261100 ms MarkObjects: 2.391000 ms  DeleteObjects: 0.029800 ms)

========================================================================
Received Prepare
Registering precompiled user dll's ...
Registered in 0.003381 seconds.
Begin MonoManager ReloadAssembly
Native extension for LinuxStandalone target not found
Native extension for WindowsStandalone target not found
Native extension for WebGL target not found
Refreshing native plugins compatible for Editor in 0.66 ms, found 2 plugins.
Preloading 0 native plugins for Editor in 0.00 ms.
Mono: successfully reloaded assembly
- Completed reload, in  1.177 seconds
Platform modules already initialized, skipping
Refreshing native plugins compatible for Editor in 0.69 ms, found 2 plugins.
Preloading 0 native plugins for Editor in 0.00 ms.
Unloading 3400 Unused Serialized files (Serialized files now loaded: 0)
System memory in use before: 129.5 MB.
System memory in use after: 129.7 MB.

Unloading 12 unused Assets to reduce memory usage. Loaded Objects now: 3932.
Total: 3.281400 ms (FindLiveObjects: 0.338700 ms CreateObjectMapping: 0.198000 ms MarkObjects: 2.710100 ms  DeleteObjects: 0.033200 ms)

========================================================================
Received Prepare
Registering precompiled user dll's ...
Registered in 0.003836 seconds.
Begin MonoManager ReloadAssembly
Native extension for LinuxStandalone target not found
Native extension for WindowsStandalone target not found
Native extension for WebGL target not found
Refreshing native plugins compatible for Editor in 0.74 ms, found 2 plugins.
Preloading 0 native plugins for Editor in 0.00 ms.
Mono: successfully reloaded assembly
- Completed reload, in  1.129 seconds
Platform modules already initialized, skipping
Refreshing native plugins compatible for Editor in 0.68 ms, found 2 plugins.
Preloading 0 native plugins for Editor in 0.00 ms.
Unloading 3400 Unused Serialized files (Serialized files now loaded: 0)
System memory in use before: 129.5 MB.
System memory in use after: 129.7 MB.

Unloading 12 unused Assets to reduce memory usage. Loaded Objects now: 3936.
Total: 2.854600 ms (FindLiveObjects: 0.351500 ms CreateObjectMapping: 0.206000 ms MarkObjects: 2.265800 ms  DeleteObjects: 0.030200 ms)

========================================================================
Received Prepare
Registering precompiled user dll's ...
Registered in 0.003271 seconds.
Begin MonoManager ReloadAssembly
Native extension for LinuxStandalone target not found
Native extension for WindowsStandalone target not found
Native extension for WebGL target not found
Refreshing native plugins compatible for Editor in 0.71 ms, found 2 plugins.
Preloading 0 native plugins for Editor in 0.00 ms.
Mono: successfully reloaded assembly
- Completed reload, in  1.077 seconds
Platform modules already initialized, skipping
Refreshing native plugins compatible for Editor in 0.70 ms, found 2 plugins.
Preloading 0 native plugins for Editor in 0.00 ms.
Unloading 3400 Unused Serialized files (Serialized files now loaded: 0)
System memory in use before: 129.5 MB.
System memory in use after: 129.8 MB.

Unloading 12 unused Assets to reduce memory usage. Loaded Objects now: 3940.
Total: 2.824800 ms (FindLiveObjects: 0.324900 ms CreateObjectMapping: 0.185000 ms MarkObjects: 2.254700 ms  DeleteObjects: 0.059100 ms)

========================================================================
Received Prepare
Registering precompiled user dll's ...
Registered in 0.003833 seconds.
Begin MonoManager ReloadAssembly
Native extension for LinuxStandalone target not found
Native extension for WindowsStandalone target not found
Native extension for WebGL target not found
Refreshing native plugins compatible for Editor in 0.73 ms, found 2 plugins.
Preloading 0 native plugins for Editor in 0.00 ms.
Mono: successfully reloaded assembly
- Completed reload, in  1.000 seconds
Platform modules already initialized, skipping
Refreshing native plugins compatible for Editor in 1.14 ms, found 2 plugins.
Preloading 0 native plugins for Editor in 0.00 ms.
Unloading 3400 Unused Serialized files (Serialized files now loaded: 0)
System memory in use before: 129.5 MB.
System memory in use after: 129.8 MB.

Unloading 12 unused Assets to reduce memory usage. Loaded Objects now: 3944.
Total: 3.244600 ms (FindLiveObjects: 0.404700 ms CreateObjectMapping: 0.230600 ms MarkObjects: 2.573200 ms  DeleteObjects: 0.034700 ms)

========================================================================
Received Prepare
Registering precompiled user dll's ...
Registered in 0.004332 seconds.
Begin MonoManager ReloadAssembly
Native extension for LinuxStandalone target not found
Native extension for WindowsStandalone target not found
Native extension for WebGL target not found
Refreshing native plugins compatible for Editor in 0.85 ms, found 2 plugins.
Preloading 0 native plugins for Editor in 0.00 ms.
Mono: successfully reloaded assembly
- Completed reload, in  1.099 seconds
Platform modules already initialized, skipping
Refreshing native plugins compatible for Editor in 0.70 ms, found 2 plugins.
Preloading 0 native plugins for Editor in 0.00 ms.
Unloading 3400 Unused Serialized files (Serialized files now loaded: 0)
System memory in use before: 129.5 MB.
System memory in use after: 129.8 MB.

Unloading 12 unused Assets to reduce memory usage. Loaded Objects now: 3948.
Total: 2.883600 ms (FindLiveObjects: 0.341700 ms CreateObjectMapping: 0.196700 ms MarkObjects: 2.311000 ms  DeleteObjects: 0.033000 ms)

========================================================================
Received Prepare
Registering precompiled user dll's ...
Registered in 0.003415 seconds.
Begin MonoManager ReloadAssembly
Native extension for LinuxStandalone target not found
Native extension for WindowsStandalone target not found
Native extension for WebGL target not found
Refreshing native plugins compatible for Editor in 0.74 ms, found 2 plugins.
Preloading 0 native plugins for Editor in 0.00 ms.
Mono: successfully reloaded assembly
- Completed reload, in  8.210 seconds
Platform modules already initialized, skipping
Refreshing native plugins compatible for Editor in 0.81 ms, found 2 plugins.
Preloading 0 native plugins for Editor in 0.00 ms.
Unloading 3400 Unused Serialized files (Serialized files now loaded: 0)
System memory in use before: 129.5 MB.
System memory in use after: 129.8 MB.

Unloading 12 unused Assets to reduce memory usage. Loaded Objects now: 3952.
Total: 3.063500 ms (FindLiveObjects: 0.419900 ms CreateObjectMapping: 0.225400 ms MarkObjects: 2.377800 ms  DeleteObjects: 0.039000 ms)

========================================================================
Received Prepare
Registering precompiled user dll's ...
Registered in 0.003338 seconds.
Begin MonoManager ReloadAssembly
Native extension for LinuxStandalone target not found
Native extension for WindowsStandalone target not found
Native extension for WebGL target not found
Refreshing native plugins compatible for Editor in 0.73 ms, found 2 plugins.
Preloading 0 native plugins for Editor in 0.00 ms.
Mono: successfully reloaded assembly
- Completed reload, in  1.048 seconds
Platform modules already initialized, skipping
Refreshing native plugins compatible for Editor in 0.69 ms, found 2 plugins.
Preloading 0 native plugins for Editor in 0.00 ms.
Unloading 3400 Unused Serialized files (Serialized files now loaded: 0)
System memory in use before: 129.5 MB.
System memory in use after: 129.8 MB.

Unloading 12 unused Assets to reduce memory usage. Loaded Objects now: 3956.
Total: 2.965000 ms (FindLiveObjects: 0.381600 ms CreateObjectMapping: 0.199300 ms MarkObjects: 2.355600 ms  DeleteObjects: 0.027500 ms)

========================================================================
Received Prepare
Registering precompiled user dll's ...
Registered in 0.003230 seconds.
Begin MonoManager ReloadAssembly
Native extension for LinuxStandalone target not found
Native extension for WindowsStandalone target not found
Native extension for WebGL target not found
Refreshing native plugins compatible for Editor in 0.95 ms, found 2 plugins.
Preloading 0 native plugins for Editor in 0.00 ms.
Mono: successfully reloaded assembly
- Completed reload, in  1.129 seconds
Platform modules already initialized, skipping
Refreshing native plugins compatible for Editor in 0.71 ms, found 2 plugins.
Preloading 0 native plugins for Editor in 0.00 ms.
Unloading 3400 Unused Serialized files (Serialized files now loaded: 0)
System memory in use before: 129.6 MB.
System memory in use after: 129.8 MB.

Unloading 12 unused Assets to reduce memory usage. Loaded Objects now: 3960.
Total: 3.035900 ms (FindLiveObjects: 0.356100 ms CreateObjectMapping: 0.205900 ms MarkObjects: 2.391300 ms  DeleteObjects: 0.081500 ms)

========================================================================
Received Prepare
Registering precompiled user dll's ...
Registered in 0.003305 seconds.
Begin MonoManager ReloadAssembly
Native extension for LinuxStandalone target not found
Native extension for WindowsStandalone target not found
Native extension for WebGL target not found
Refreshing native plugins compatible for Editor in 0.70 ms, found 2 plugins.
Preloading 0 native plugins for Editor in 0.00 ms.
Mono: successfully reloaded assembly
- Completed reload, in  0.986 seconds
Platform modules already initialized, skipping
Refreshing native plugins compatible for Editor in 0.75 ms, found 2 plugins.
Preloading 0 native plugins for Editor in 0.00 ms.
Unloading 3400 Unused Serialized files (Serialized files now loaded: 0)
System memory in use before: 129.6 MB.
System memory in use after: 129.8 MB.

Unloading 12 unused Assets to reduce memory usage. Loaded Objects now: 3964.
Total: 3.141800 ms (FindLiveObjects: 0.339800 ms CreateObjectMapping: 0.211500 ms MarkObjects: 2.556500 ms  DeleteObjects: 0.032600 ms)

========================================================================
Received Prepare
Registering precompiled user dll's ...
Registered in 0.003523 seconds.
Begin MonoManager ReloadAssembly
Native extension for LinuxStandalone target not found
Native extension for WindowsStandalone target not found
Native extension for WebGL target not found
Refreshing native plugins compatible for Editor in 0.78 ms, found 2 plugins.
Preloading 0 native plugins for Editor in 0.00 ms.
Mono: successfully reloaded assembly
- Completed reload, in  1.087 seconds
Platform modules already initialized, skipping
Refreshing native plugins compatible for Editor in 0.70 ms, found 2 plugins.
Preloading 0 native plugins for Editor in 0.00 ms.
Unloading 3400 Unused Serialized files (Serialized files now loaded: 0)
System memory in use before: 129.6 MB.
System memory in use after: 129.8 MB.

Unloading 12 unused Assets to reduce memory usage. Loaded Objects now: 3968.
Total: 2.931100 ms (FindLiveObjects: 0.326900 ms CreateObjectMapping: 0.191600 ms MarkObjects: 2.388100 ms  DeleteObjects: 0.023200 ms)

========================================================================
Received Prepare
Registering precompiled user dll's ...
Registered in 0.003394 seconds.
Begin MonoManager ReloadAssembly
Native extension for LinuxStandalone target not found
Native extension for WindowsStandalone target not found
Native extension for WebGL target not found
Refreshing native plugins compatible for Editor in 0.84 ms, found 2 plugins.
Preloading 0 native plugins for Editor in 0.00 ms.
Mono: successfully reloaded assembly
- Completed reload, in  1.215 seconds
Platform modules already initialized, skipping
Refreshing native plugins compatible for Editor in 0.70 ms, found 2 plugins.
Preloading 0 native plugins for Editor in 0.00 ms.
Unloading 3400 Unused Serialized files (Serialized files now loaded: 0)
System memory in use before: 129.6 MB.
System memory in use after: 129.8 MB.

Unloading 12 unused Assets to reduce memory usage. Loaded Objects now: 3972.
Total: 2.901400 ms (FindLiveObjects: 0.338000 ms CreateObjectMapping: 0.186400 ms MarkObjects: 2.340400 ms  DeleteObjects: 0.035500 ms)

========================================================================
Received Prepare
Registering precompiled user dll's ...
Registered in 0.003455 seconds.
Begin MonoManager ReloadAssembly
Native extension for LinuxStandalone target not found
Native extension for WindowsStandalone target not found
Native extension for WebGL target not found
Refreshing native plugins compatible for Editor in 0.72 ms, found 2 plugins.
Preloading 0 native plugins for Editor in 0.00 ms.
Mono: successfully reloaded assembly
- Completed reload, in  1.111 seconds
Platform modules already initialized, skipping
Refreshing native plugins compatible for Editor in 0.73 ms, found 2 plugins.
Preloading 0 native plugins for Editor in 0.00 ms.
Unloading 3400 Unused Serialized files (Serialized files now loaded: 0)
System memory in use before: 129.6 MB.
System memory in use after: 129.8 MB.

Unloading 12 unused Assets to reduce memory usage. Loaded Objects now: 3976.
Total: 3.150400 ms (FindLiveObjects: 0.330500 ms CreateObjectMapping: 0.197500 ms MarkObjects: 2.576300 ms  DeleteObjects: 0.044600 ms)

